INFO  2016-08-19 06:15:24,504 (com.serotonin.m2m2.db.H2Proxy.initializeImpl:42) - Initializing H2 connection manager 
INFO  2016-08-19 06:15:24,549 (com.serotonin.m2m2.db.H2Proxy.initializeImpl:59) - Initializing H2 web server 
FATAL 2016-08-19 06:15:26,364 (com.serotonin.m2m2.db.DatabaseProxy.initialize:190) - Unable to connect to database of type H2 
org.springframework.jdbc.CannotGetJdbcConnectionException: Could not get JDBC Connection; nested exception is org.h2.jdbc.JdbcSQLException: Error while creating file "/databases" [90062-181]
	at org.springframework.jdbc.datasource.DataSourceUtils.getConnection(DataSourceUtils.java:80)
	at org.springframework.jdbc.core.JdbcTemplate.execute(JdbcTemplate.java:615)
	at org.springframework.jdbc.core.JdbcTemplate.query(JdbcTemplate.java:680)
	at org.springframework.jdbc.core.JdbcTemplate.query(JdbcTemplate.java:712)
	at org.springframework.jdbc.core.JdbcTemplate.query(JdbcTemplate.java:722)
	at com.serotonin.db.spring.ExtendedJdbcTemplate.queryForObject(ExtendedJdbcTemplate.java:39)
	at com.serotonin.db.spring.ExtendedJdbcTemplate.queryForObject(ExtendedJdbcTemplate.java:63)
	at com.serotonin.m2m2.db.H2Proxy.tableExists(H2Proxy.java:244)
	at com.serotonin.m2m2.db.DatabaseProxy.newDatabaseCheck(DatabaseProxy.java:204)
	at com.serotonin.m2m2.db.DatabaseProxy.initialize(DatabaseProxy.java:106)
	at com.infiniteautomation.serial.rt.SerialDataSourceTest.mockMangoInternals(SerialDataSourceTest.java:303)
	at com.infiniteautomation.serial.rt.SerialDataSourceTest.setup(SerialDataSourceTest.java:76)
	at sun.reflect.NativeMethodAccessorImpl.invoke0(Native Method)
	at sun.reflect.NativeMethodAccessorImpl.invoke(NativeMethodAccessorImpl.java:62)
	at sun.reflect.DelegatingMethodAccessorImpl.invoke(DelegatingMethodAccessorImpl.java:43)
	at java.lang.reflect.Method.invoke(Method.java:497)
	at org.junit.internal.runners.MethodRoadie.runBefores(MethodRoadie.java:132)
	at org.junit.internal.runners.MethodRoadie.runBeforesThenTestThenAfters(MethodRoadie.java:95)
	at org.powermock.modules.junit4.internal.impl.PowerMockJUnit44RunnerDelegateImpl$PowerMockJUnit44MethodRunner.executeTest(PowerMockJUnit44RunnerDelegateImpl.java:294)
	at org.powermock.modules.junit4.internal.impl.PowerMockJUnit47RunnerDelegateImpl$PowerMockJUnit47MethodRunner.executeTestInSuper(PowerMockJUnit47RunnerDelegateImpl.java:127)
	at org.powermock.modules.junit4.internal.impl.PowerMockJUnit47RunnerDelegateImpl$PowerMockJUnit47MethodRunner.executeTest(PowerMockJUnit47RunnerDelegateImpl.java:82)
	at org.powermock.modules.junit4.internal.impl.PowerMockJUnit44RunnerDelegateImpl$PowerMockJUnit44MethodRunner.runBeforesThenTestThenAfters(PowerMockJUnit44RunnerDelegateImpl.java:282)
	at org.junit.internal.runners.MethodRoadie.runTest(MethodRoadie.java:86)
	at org.junit.internal.runners.MethodRoadie.run(MethodRoadie.java:49)
	at org.powermock.modules.junit4.internal.impl.PowerMockJUnit44RunnerDelegateImpl.invokeTestMethod(PowerMockJUnit44RunnerDelegateImpl.java:207)
	at org.powermock.modules.junit4.internal.impl.PowerMockJUnit44RunnerDelegateImpl.runMethods(PowerMockJUnit44RunnerDelegateImpl.java:146)
	at org.powermock.modules.junit4.internal.impl.PowerMockJUnit44RunnerDelegateImpl$1.run(PowerMockJUnit44RunnerDelegateImpl.java:120)
	at org.junit.internal.runners.ClassRoadie.runUnprotected(ClassRoadie.java:33)
	at org.junit.internal.runners.ClassRoadie.runProtected(ClassRoadie.java:45)
	at org.powermock.modules.junit4.internal.impl.PowerMockJUnit44RunnerDelegateImpl.run(PowerMockJUnit44RunnerDelegateImpl.java:118)
	at org.powermock.modules.junit4.common.internal.impl.JUnit4TestSuiteChunkerImpl.run(JUnit4TestSuiteChunkerImpl.java:104)
	at org.powermock.modules.junit4.common.internal.impl.AbstractCommonPowerMockRunner.run(AbstractCommonPowerMockRunner.java:53)
	at org.powermock.modules.junit4.PowerMockRunner.run(PowerMockRunner.java:53)
	at org.apache.maven.surefire.junit4.JUnit4Provider.execute(JUnit4Provider.java:252)
	at org.apache.maven.surefire.junit4.JUnit4Provider.executeTestSet(JUnit4Provider.java:141)
	at org.apache.maven.surefire.junit4.JUnit4Provider.invoke(JUnit4Provider.java:112)
	at sun.reflect.NativeMethodAccessorImpl.invoke0(Native Method)
	at sun.reflect.NativeMethodAccessorImpl.invoke(NativeMethodAccessorImpl.java:62)
	at sun.reflect.DelegatingMethodAccessorImpl.invoke(DelegatingMethodAccessorImpl.java:43)
	at java.lang.reflect.Method.invoke(Method.java:497)
	at org.apache.maven.surefire.util.ReflectionUtils.invokeMethodWithArray(ReflectionUtils.java:189)
	at org.apache.maven.surefire.booter.ProviderFactory$ProviderProxy.invoke(ProviderFactory.java:165)
	at org.apache.maven.surefire.booter.ProviderFactory.invokeProvider(ProviderFactory.java:85)
	at org.apache.maven.surefire.booter.ForkedBooter.runSuitesInProcess(ForkedBooter.java:115)
	at org.apache.maven.surefire.booter.ForkedBooter.main(ForkedBooter.java:75)
Caused by: org.h2.jdbc.JdbcSQLException: Error while creating file "/databases" [90062-181]
	at org.h2.message.DbException.getJdbcSQLException(DbException.java:345)
	at org.h2.message.DbException.get(DbException.java:179)
	at org.h2.message.DbException.get(DbException.java:155)
	at org.h2.store.fs.FilePathDisk.createDirectory(FilePathDisk.java:274)
	at org.h2.store.fs.FileUtils.createDirectory(FileUtils.java:42)
	at org.h2.store.fs.FileUtils.createDirectories(FileUtils.java:309)
	at org.h2.store.FileLock.lockFile(FileLock.java:345)
	at org.h2.store.FileLock.lock(FileLock.java:135)
	at org.h2.engine.Database.open(Database.java:631)
	at org.h2.engine.Database.openDatabase(Database.java:266)
	at org.h2.engine.Database.<init>(Database.java:260)
	at org.h2.engine.Engine.openSession(Engine.java:60)
	at org.h2.engine.Engine.openSession(Engine.java:167)
	at org.h2.engine.Engine.createSessionAndValidate(Engine.java:145)
	at org.h2.engine.Engine.createSession(Engine.java:128)
	at org.h2.engine.Engine.createSession(Engine.java:26)
	at org.h2.engine.SessionRemote.connectEmbeddedOrServer(SessionRemote.java:347)
	at org.h2.jdbc.JdbcConnection.<init>(JdbcConnection.java:108)
	at org.h2.jdbc.JdbcConnection.<init>(JdbcConnection.java:92)
	at org.h2.Driver.connect(Driver.java:72)
	at org.h2.jdbcx.JdbcDataSource.getJdbcConnection(JdbcDataSource.java:190)
	at org.h2.jdbcx.JdbcDataSource.getXAConnection(JdbcDataSource.java:353)
	at org.h2.jdbcx.JdbcDataSource.getPooledConnection(JdbcDataSource.java:385)
	at org.h2.jdbcx.JdbcConnectionPool.getConnectionNow(JdbcConnectionPool.java:227)
	at org.h2.jdbcx.JdbcConnectionPool.getConnection(JdbcConnectionPool.java:199)
	at org.springframework.jdbc.datasource.DataSourceUtils.doGetConnection(DataSourceUtils.java:111)
	at org.springframework.jdbc.datasource.DataSourceUtils.getConnection(DataSourceUtils.java:77)
	... 44 more
